<?xml version="1.0" encoding="UTF-8"?>
<testsuite xmlns:xsi="http://www.w3.org/2001/XMLSchema-instance" xsi:schemaLocation="https://maven.apache.org/surefire/maven-surefire-plugin/xsd/surefire-test-report.xsd" name="com.edurekademo.utilities.TestLogger" time="0.025" tests="5" errors="0" skipped="0" failures="0">
  <properties>
    <property name="java.runtime.name" value="Java(TM) SE Runtime Environment"/>
    <property name="sun.boot.library.path" value="D:\Program Files\Java\jdk1.8.0_171\jre\bin"/>
    <property name="java.vm.version" value="25.171-b11"/>
    <property name="java.vm.vendor" value="Oracle Corporation"/>
    <property name="maven.multiModuleProjectDirectory" value="E:\devops\devops"/>
    <property name="java.vendor.url" value="http://java.oracle.com/"/>
    <property name="path.separator" value=";"/>
    <property name="guice.disable.misplaced.annotation.check" value="true"/>
    <property name="java.vm.name" value="Java HotSpot(TM) 64-Bit Server VM"/>
    <property name="file.encoding.pkg" value="sun.io"/>
    <property name="user.script" value=""/>
    <property name="user.country" value="US"/>
    <property name="sun.java.launcher" value="SUN_STANDARD"/>
    <property name="sun.os.patch.level" value=""/>
    <property name="java.vm.specification.name" value="Java Virtual Machine Specification"/>
    <property name="user.dir" value="E:\devops\devops"/>
    <property name="java.runtime.version" value="1.8.0_171-b11"/>
    <property name="java.awt.graphicsenv" value="sun.awt.Win32GraphicsEnvironment"/>
    <property name="java.endorsed.dirs" value="D:\Program Files\Java\jdk1.8.0_171\jre\lib\endorsed"/>
    <property name="os.arch" value="amd64"/>
    <property name="java.io.tmpdir" value="C:\Users\kelvinkm\AppData\Local\Temp\"/>
    <property name="line.separator" value="&#10;"/>
    <property name="java.vm.specification.vendor" value="Oracle Corporation"/>
    <property name="user.variant" value=""/>
    <property name="os.name" value="Windows 10"/>
    <property name="classworlds.conf" value="D:\Program Files\apache\apache-maven\bin\..\bin\m2.conf"/>
    <property name="sun.jnu.encoding" value="Cp1252"/>
    <property name="java.library.path" value="D:\Program Files\Java\jdk1.8.0_171\bin;C:\WINDOWS\Sun\Java\bin;C:\WINDOWS\system32;C:\WINDOWS;C:\ProgramData\DockerDesktop\version-bin;C:\Program Files\Docker\Docker\Resources\bin;C:\Program Files (x86)\Common Files\Oracle\Java\javapath;C:\ProgramData\Oracle\Java\javapath;D:\Program Files\Java\jdk1.8.0_171\bin;C:\oracle\product\10.2.0\client_1\bin;C:\WINDOWS;C:\WINDOWS\System32\Wbem;C:\WINDOWS\System32\WindowsPowerShell\v1.0\;C:\WINDOWS\System32\OpenSSH\;C:\ProgramData\chocolatey\bin;D:\Program Files\Git\cmd;D:\Program Files\apache\apache-maven\bin;D:\Program Files\flutter\bin;D:\Program Files\nodejs\;c:\windows\system32;D:\Program Files\Kitematic\;D:\Program Files\Microsoft VS Code\bin;D:\Program Files (x86)\Python\Python37-32;D:\Program Files (x86)\Python\Python37-32\Scripts;D:\WSO2\APIManager\2.6.0\bin;d:\WSO2\EnterpriseIntegrator\6.4.0\\bin;E:\Program Files\Ballerina\ballerina-0.991.0\\bin;D:\Program Files\apache-ant-1.9.14\bin;D:\Program Files\grep;D:\Program Files\Git\usr\bin;D:\Program Files (x86)\Brackets\command;C:\Program Files\Calibre2\;C:\Users\kelvinkm\AppData\Local\Microsoft\WindowsApps;C:\Users\kelvinkm\AppData\Roaming\npm;C:\tools\cmder;."/>
    <property name="maven.conf" value="D:\Program Files\apache\apache-maven\bin\../conf"/>
    <property name="java.specification.name" value="Java Platform API Specification"/>
    <property name="java.class.version" value="52.0"/>
    <property name="sun.management.compiler" value="HotSpot 64-Bit Tiered Compilers"/>
    <property name="os.version" value="10.0"/>
    <property name="library.jansi.path" value="D:\Program Files\apache\apache-maven\bin\..\lib\jansi-native"/>
    <property name="user.home" value="C:\Users\kelvinkm"/>
    <property name="user.timezone" value="Africa/Nairobi"/>
    <property name="java.awt.printerjob" value="sun.awt.windows.WPrinterJob"/>
    <property name="java.specification.version" value="1.8"/>
    <property name="file.encoding" value="Cp1252"/>
    <property name="user.name" value="KelvinKM"/>
    <property name="java.class.path" value="D:\Program Files\apache\apache-maven\bin\..\boot\plexus-classworlds-2.5.2.jar"/>
    <property name="java.vm.specification.version" value="1.8"/>
    <property name="sun.arch.data.model" value="64"/>
    <property name="java.home" value="D:\Program Files\Java\jdk1.8.0_171\jre"/>
    <property name="sun.java.command" value="org.codehaus.plexus.classworlds.launcher.Launcher package"/>
    <property name="java.specification.vendor" value="Oracle Corporation"/>
    <property name="user.language" value="en"/>
    <property name="awt.toolkit" value="sun.awt.windows.WToolkit"/>
    <property name="java.vm.info" value="mixed mode"/>
    <property name="java.version" value="1.8.0_171"/>
    <property name="java.ext.dirs" value="D:\Program Files\Java\jdk1.8.0_171\jre\lib\ext;C:\WINDOWS\Sun\Java\lib\ext"/>
    <property name="sun.boot.class.path" value="D:\Program Files\Java\jdk1.8.0_171\jre\lib\resources.jar;D:\Program Files\Java\jdk1.8.0_171\jre\lib\rt.jar;D:\Program Files\Java\jdk1.8.0_171\jre\lib\sunrsasign.jar;D:\Program Files\Java\jdk1.8.0_171\jre\lib\jsse.jar;D:\Program Files\Java\jdk1.8.0_171\jre\lib\jce.jar;D:\Program Files\Java\jdk1.8.0_171\jre\lib\charsets.jar;D:\Program Files\Java\jdk1.8.0_171\jre\lib\jfr.jar;D:\Program Files\Java\jdk1.8.0_171\jre\classes"/>
    <property name="sun.stderr.encoding" value="cp437"/>
    <property name="java.vendor" value="Oracle Corporation"/>
    <property name="maven.home" value="D:\Program Files\apache\apache-maven\bin\.."/>
    <property name="file.separator" value="\"/>
    <property name="java.vendor.url.bug" value="http://bugreport.sun.com/bugreport/"/>
    <property name="sun.cpu.endian" value="little"/>
    <property name="sun.io.unicode.encoding" value="UnicodeLittle"/>
    <property name="sun.stdout.encoding" value="cp437"/>
    <property name="sun.desktop" value="windows"/>
    <property name="sun.cpu.isalist" value="amd64"/>
  </properties>
  <testcase name="testGetErrorMessage3" classname="com.edurekademo.utilities.TestLogger" time="0.024"/>
  <testcase name="testGetErrorMessage2" classname="com.edurekademo.utilities.TestLogger" time="0.024"/>
  <testcase name="testGetErrorMessage4" classname="com.edurekademo.utilities.TestLogger" time="0.024"/>
  <testcase name="testGetErrorMessage1" classname="com.edurekademo.utilities.TestLogger" time="0.024"/>
  <testcase name="testGetErrorMessage5" classname="com.edurekademo.utilities.TestLogger" time="0.025"/>
</testsuite>